<?xml version="1.0" encoding="UTF-8"?>
<!-- Generated by org.testng.reporters.JUnitXMLReporter -->
<testsuite ignored="0" hostname="LAPTOP-NA4EO4C0" failures="1" tests="2" name="Default test" time="18.685" errors="0" timestamp="2024-04-06T21:21:26 IST">
  <testcase classname="io.cucumber.testng.AbstractTestNGCucumberTests" name="runScenario" time="12.793"/>
  <testcase classname="io.cucumber.testng.AbstractTestNGCucumberTests" name="runScenario" time="16.637">
    <failure type="java.lang.AssertionError" message="expected [INR] but found [SDF]">
      <![CDATA[java.lang.AssertionError: expected [INR] but found [SDF]
at org.testng.Assert.fail(Assert.java:110)
at org.testng.Assert.failNotEquals(Assert.java:1413)
at org.testng.Assert.assertEqualsImpl(Assert.java:149)
at org.testng.Assert.assertEquals(Assert.java:131)
at org.testng.Assert.assertEquals(Assert.java:655)
at org.testng.Assert.assertEquals(Assert.java:665)
at Stepdefinitions.CarPageSteps.should_see_currency_as(CarPageSteps.java:40)
at ✽.should see currency as "india"(file:///C:/Users/krishna/CucumberFramework/KIWICucumber/src/test/java/Features/Homepage.feature:31)
]]>
    </failure>
  </testcase> <!-- runScenario -->
</testsuite> <!-- Default test -->
